[2023-02-24 10:41:34Z INFO HostContext] No proxy settings were found based on environmental variables (http_proxy/https_proxy/HTTP_PROXY/HTTPS_PROXY)
[2023-02-24 10:41:34Z INFO HostContext] Well known directory 'Bin': 'H:\Jaydeep New\Web Api\DemoDeploy\actions-runner\bin'
[2023-02-24 10:41:34Z INFO HostContext] Well known directory 'Root': 'H:\Jaydeep New\Web Api\DemoDeploy\actions-runner'
[2023-02-24 10:41:34Z INFO HostContext] Well known config file 'Credentials': 'H:\Jaydeep New\Web Api\DemoDeploy\actions-runner\.credentials'
[2023-02-24 10:41:34Z INFO HostContext] Well known directory 'Bin': 'H:\Jaydeep New\Web Api\DemoDeploy\actions-runner\bin'
[2023-02-24 10:41:34Z INFO HostContext] Well known directory 'Root': 'H:\Jaydeep New\Web Api\DemoDeploy\actions-runner'
[2023-02-24 10:41:34Z INFO HostContext] Well known config file 'Runner': 'H:\Jaydeep New\Web Api\DemoDeploy\actions-runner\.runner'
[2023-02-24 10:41:34Z INFO Listener] Runner is built for Windows (X64) - win-x64.
[2023-02-24 10:41:34Z INFO Listener] RuntimeInformation: Microsoft Windows 10.0.22621.
[2023-02-24 10:41:34Z INFO Listener] Version: 2.301.1
[2023-02-24 10:41:34Z INFO Listener] Commit: f764f5dfa75a74600ef491599be8d4fea33ccdaf
[2023-02-24 10:41:34Z INFO Listener] Culture: en-IN
[2023-02-24 10:41:34Z INFO Listener] UI Culture: en-US
[2023-02-24 10:41:34Z INFO HostContext] Well known directory 'Bin': 'H:\Jaydeep New\Web Api\DemoDeploy\actions-runner\bin'
[2023-02-24 10:41:34Z INFO HostContext] Well known directory 'Root': 'H:\Jaydeep New\Web Api\DemoDeploy\actions-runner'
[2023-02-24 10:41:34Z INFO Listener] Validating directory permissions for: 'H:\Jaydeep New\Web Api\DemoDeploy\actions-runner'
[2023-02-24 10:41:34Z INFO CommandLineParser] Parse
[2023-02-24 10:41:34Z INFO CommandLineParser] Parsing 5 args
[2023-02-24 10:41:34Z INFO CommandLineParser] parsing argument
[2023-02-24 10:41:34Z INFO CommandLineParser] HasArgs: False
[2023-02-24 10:41:34Z INFO CommandLineParser] Adding Command: configure
[2023-02-24 10:41:34Z INFO CommandLineParser] parsing argument
[2023-02-24 10:41:34Z INFO CommandLineParser] HasArgs: True
[2023-02-24 10:41:34Z INFO CommandLineParser] arg: url
[2023-02-24 10:41:34Z INFO CommandLineParser] parsing argument
[2023-02-24 10:41:34Z INFO CommandLineParser] HasArgs: True
[2023-02-24 10:41:34Z INFO CommandLineParser] Adding option 'url': 'https://github.com/TeamParoksya/DemoDeploy'
[2023-02-24 10:41:34Z INFO CommandLineParser] parsing argument
[2023-02-24 10:41:34Z INFO CommandLineParser] HasArgs: True
[2023-02-24 10:41:34Z INFO CommandLineParser] arg: token
[2023-02-24 10:41:34Z INFO CommandLineParser] parsing argument
[2023-02-24 10:41:34Z INFO CommandLineParser] HasArgs: True
[2023-02-24 10:41:34Z INFO CommandLineParser] Adding option 'token': '***'
[2023-02-24 10:41:34Z INFO Listener] Arguments parsed
[2023-02-24 10:41:34Z INFO Runner] ExecuteCommand
[2023-02-24 10:41:34Z INFO ConfigurationStore] currentAssemblyLocation: H:\Jaydeep New\Web Api\DemoDeploy\actions-runner\bin\Runner.Listener.dll
[2023-02-24 10:41:34Z INFO HostContext] Well known directory 'Bin': 'H:\Jaydeep New\Web Api\DemoDeploy\actions-runner\bin'
[2023-02-24 10:41:34Z INFO ConfigurationStore] binPath: H:\Jaydeep New\Web Api\DemoDeploy\actions-runner\bin
[2023-02-24 10:41:34Z INFO HostContext] Well known directory 'Bin': 'H:\Jaydeep New\Web Api\DemoDeploy\actions-runner\bin'
[2023-02-24 10:41:34Z INFO HostContext] Well known directory 'Root': 'H:\Jaydeep New\Web Api\DemoDeploy\actions-runner'
[2023-02-24 10:41:34Z INFO ConfigurationStore] RootFolder: H:\Jaydeep New\Web Api\DemoDeploy\actions-runner
[2023-02-24 10:41:34Z INFO HostContext] Well known directory 'Bin': 'H:\Jaydeep New\Web Api\DemoDeploy\actions-runner\bin'
[2023-02-24 10:41:34Z INFO HostContext] Well known directory 'Root': 'H:\Jaydeep New\Web Api\DemoDeploy\actions-runner'
[2023-02-24 10:41:34Z INFO HostContext] Well known config file 'Runner': 'H:\Jaydeep New\Web Api\DemoDeploy\actions-runner\.runner'
[2023-02-24 10:41:34Z INFO ConfigurationStore] ConfigFilePath: H:\Jaydeep New\Web Api\DemoDeploy\actions-runner\.runner
[2023-02-24 10:41:34Z INFO HostContext] Well known directory 'Bin': 'H:\Jaydeep New\Web Api\DemoDeploy\actions-runner\bin'
[2023-02-24 10:41:34Z INFO HostContext] Well known directory 'Root': 'H:\Jaydeep New\Web Api\DemoDeploy\actions-runner'
[2023-02-24 10:41:34Z INFO HostContext] Well known config file 'Credentials': 'H:\Jaydeep New\Web Api\DemoDeploy\actions-runner\.credentials'
[2023-02-24 10:41:34Z INFO ConfigurationStore] CredFilePath: H:\Jaydeep New\Web Api\DemoDeploy\actions-runner\.credentials
[2023-02-24 10:41:34Z INFO HostContext] Well known directory 'Bin': 'H:\Jaydeep New\Web Api\DemoDeploy\actions-runner\bin'
[2023-02-24 10:41:34Z INFO HostContext] Well known directory 'Root': 'H:\Jaydeep New\Web Api\DemoDeploy\actions-runner'
[2023-02-24 10:41:34Z INFO HostContext] Well known config file 'MigratedCredentials': 'H:\Jaydeep New\Web Api\DemoDeploy\actions-runner\.credentials_migrated'
[2023-02-24 10:41:34Z INFO ConfigurationStore] MigratedCredFilePath: H:\Jaydeep New\Web Api\DemoDeploy\actions-runner\.credentials_migrated
[2023-02-24 10:41:34Z INFO HostContext] Well known directory 'Bin': 'H:\Jaydeep New\Web Api\DemoDeploy\actions-runner\bin'
[2023-02-24 10:41:34Z INFO HostContext] Well known directory 'Root': 'H:\Jaydeep New\Web Api\DemoDeploy\actions-runner'
[2023-02-24 10:41:34Z INFO HostContext] Well known config file 'Service': 'H:\Jaydeep New\Web Api\DemoDeploy\actions-runner\.service'
[2023-02-24 10:41:34Z INFO ConfigurationStore] ServiceConfigFilePath: H:\Jaydeep New\Web Api\DemoDeploy\actions-runner\.service
[2023-02-24 10:41:34Z INFO CommandSettings] Flag 'help': 'False'
[2023-02-24 10:41:34Z INFO CommandSettings] Flag 'version': 'False'
[2023-02-24 10:41:34Z INFO CommandSettings] Flag 'commit': 'False'
[2023-02-24 10:41:34Z INFO CommandSettings] Flag 'check': 'False'
[2023-02-24 10:41:34Z INFO CommandSettings] Command 'configure': 'True'
[2023-02-24 10:41:34Z INFO Terminal] WRITE LINE: 
[2023-02-24 10:41:34Z INFO Terminal] WRITE LINE: --------------------------------------------------------------------------------
[2023-02-24 10:41:34Z INFO Terminal] WRITE LINE: |        ____ _ _   _   _       _          _        _   _                      |
[2023-02-24 10:41:34Z INFO Terminal] WRITE LINE: |       / ___(_) |_| | | |_   _| |__      / \   ___| |_(_) ___  _ __  ___      |
[2023-02-24 10:41:34Z INFO Terminal] WRITE LINE: |      | |  _| | __| |_| | | | | '_ \    / _ \ / __| __| |/ _ \| '_ \/ __|     |
[2023-02-24 10:41:34Z INFO Terminal] WRITE LINE: |      | |_| | | |_|  _  | |_| | |_) |  / ___ \ (__| |_| | (_) | | | \__ \     |
[2023-02-24 10:41:34Z INFO Terminal] WRITE LINE: |       \____|_|\__|_| |_|\__,_|_.__/  /_/   \_\___|\__|_|\___/|_| |_|___/     |
[2023-02-24 10:41:34Z INFO Terminal] WRITE LINE: |                                                                              |
[2023-02-24 10:41:34Z INFO Terminal] WRITE: |                       
[2023-02-24 10:41:34Z INFO Terminal] WRITE: Self-hosted runner registration
[2023-02-24 10:41:34Z INFO Terminal] WRITE LINE:                         |
[2023-02-24 10:41:34Z INFO Terminal] WRITE LINE: |                                                                              |
[2023-02-24 10:41:34Z INFO Terminal] WRITE LINE: --------------------------------------------------------------------------------
[2023-02-24 10:41:34Z INFO ConfigurationManager] ConfigureAsync
[2023-02-24 10:41:34Z INFO CommandSettings] Flag 'generateServiceConfig': 'False'
[2023-02-24 10:41:34Z INFO ConfigurationStore] IsConfigured()
[2023-02-24 10:41:34Z INFO ConfigurationStore] IsConfigured: False
[2023-02-24 10:41:34Z INFO ConfigurationManager] Is configured: False
[2023-02-24 10:41:34Z INFO CommandSettings] Arg 'url': 'https://github.com/TeamParoksya/DemoDeploy'
[2023-02-24 10:41:34Z INFO CommandSettings] Remove url from Arg dictionary.
[2023-02-24 10:41:34Z INFO CommandSettings] Arg 'token': '***'
[2023-02-24 10:41:34Z INFO CommandSettings] Remove token from Arg dictionary.
[2023-02-24 10:41:36Z INFO ConfigurationManager] Http response code: OK from 'POST https://api.github.com/actions/runner-registration' (D37D:162B:2A36F0:399287:63F89460)
[2023-02-24 10:41:36Z INFO ConfigurationManager] cred retrieved via GitHub auth
[2023-02-24 10:41:36Z INFO RunnerServer] EstablishVssConnection
[2023-02-24 10:41:36Z INFO RunnerServer] Establish connection with 100 seconds timeout.
[2023-02-24 10:41:36Z INFO GitHubActionsService] Starting operation Location.GetConnectionData
[2023-02-24 10:41:36Z INFO RunnerServer] EstablishVssConnection
[2023-02-24 10:41:36Z INFO RunnerServer] Establish connection with 60 seconds timeout.
[2023-02-24 10:41:36Z INFO GitHubActionsService] Starting operation Location.GetConnectionData
[2023-02-24 10:41:36Z INFO RunnerServer] EstablishVssConnection
[2023-02-24 10:41:36Z INFO RunnerServer] Establish connection with 60 seconds timeout.
[2023-02-24 10:41:36Z INFO GitHubActionsService] Starting operation Location.GetConnectionData
[2023-02-24 10:41:37Z INFO GitHubActionsService] Finished operation Location.GetConnectionData
[2023-02-24 10:41:37Z INFO GitHubActionsService] Finished operation Location.GetConnectionData
[2023-02-24 10:41:37Z INFO GitHubActionsService] Finished operation Location.GetConnectionData
[2023-02-24 10:41:37Z INFO Terminal] WRITE LINE: 
[2023-02-24 10:41:37Z INFO ConfigurationManager] Test Connection complete.
[2023-02-24 10:41:37Z INFO HostContext] Well known directory 'Bin': 'H:\Jaydeep New\Web Api\DemoDeploy\actions-runner\bin'
[2023-02-24 10:41:37Z INFO HostContext] Well known directory 'Root': 'H:\Jaydeep New\Web Api\DemoDeploy\actions-runner'
[2023-02-24 10:41:37Z INFO HostContext] Well known config file 'RSACredentials': 'H:\Jaydeep New\Web Api\DemoDeploy\actions-runner\.credentials_rsaparams'
[2023-02-24 10:41:37Z INFO RSAEncryptedFileKeyManager] Creating new RSA key using 2048-bit key length
[2023-02-24 10:41:38Z INFO RSAEncryptedFileKeyManager] Successfully saved RSA key parameters to file H:\Jaydeep New\Web Api\DemoDeploy\actions-runner\.credentials_rsaparams
[2023-02-24 10:41:38Z INFO CommandSettings] Arg 'runnergroup': ''
[2023-02-24 10:41:38Z INFO CommandSettings] Flag 'unattended': 'False'
[2023-02-24 10:41:38Z INFO PromptManager] ReadValue
[2023-02-24 10:41:38Z INFO Terminal] WRITE: Enter the name of the runner group to add this runner to: 
[2023-02-24 10:41:38Z INFO Terminal] WRITE: [press Enter for Default] 
[2023-02-24 10:41:38Z INFO Terminal] READ LINE
[2023-02-24 10:42:54Z INFO Terminal] Read value: 'DemoDeploy'
[2023-02-24 10:42:54Z INFO Terminal] WRITE LINE: 
[2023-02-24 10:42:54Z ERR  Runner] GitHub.DistributedTask.WebApi.TaskAgentPoolNotFoundException: Could not find any self-hosted runner group named "DemoDeploy".
   at GitHub.Runner.Listener.Configuration.ConfigurationManager.ConfigureAsync(CommandSettings command)
   at GitHub.Runner.Listener.Runner.ExecuteCommand(CommandSettings command)
[2023-02-24 10:42:54Z ERR  Terminal] WRITE ERROR: Could not find any self-hosted runner group named "DemoDeploy".
[2023-02-24 10:42:54Z INFO Listener] Runner execution has finished with return code 1
