[2023-02-24 10:44:20Z INFO HostContext] No proxy settings were found based on environmental variables (http_proxy/https_proxy/HTTP_PROXY/HTTPS_PROXY)
[2023-02-24 10:44:20Z INFO HostContext] Well known directory 'Bin': 'H:\Jaydeep New\Web Api\DemoDeploy\actions-runner\bin'
[2023-02-24 10:44:20Z INFO HostContext] Well known directory 'Root': 'H:\Jaydeep New\Web Api\DemoDeploy\actions-runner'
[2023-02-24 10:44:20Z INFO HostContext] Well known config file 'Credentials': 'H:\Jaydeep New\Web Api\DemoDeploy\actions-runner\.credentials'
[2023-02-24 10:44:20Z INFO HostContext] Well known directory 'Bin': 'H:\Jaydeep New\Web Api\DemoDeploy\actions-runner\bin'
[2023-02-24 10:44:20Z INFO HostContext] Well known directory 'Root': 'H:\Jaydeep New\Web Api\DemoDeploy\actions-runner'
[2023-02-24 10:44:20Z INFO HostContext] Well known config file 'Runner': 'H:\Jaydeep New\Web Api\DemoDeploy\actions-runner\.runner'
[2023-02-24 10:44:20Z INFO Listener] Runner is built for Windows (X64) - win-x64.
[2023-02-24 10:44:20Z INFO Listener] RuntimeInformation: Microsoft Windows 10.0.22621.
[2023-02-24 10:44:20Z INFO Listener] Version: 2.301.1
[2023-02-24 10:44:20Z INFO Listener] Commit: f764f5dfa75a74600ef491599be8d4fea33ccdaf
[2023-02-24 10:44:20Z INFO Listener] Culture: en-IN
[2023-02-24 10:44:20Z INFO Listener] UI Culture: en-US
[2023-02-24 10:44:20Z INFO HostContext] Well known directory 'Bin': 'H:\Jaydeep New\Web Api\DemoDeploy\actions-runner\bin'
[2023-02-24 10:44:20Z INFO HostContext] Well known directory 'Root': 'H:\Jaydeep New\Web Api\DemoDeploy\actions-runner'
[2023-02-24 10:44:20Z INFO Listener] Validating directory permissions for: 'H:\Jaydeep New\Web Api\DemoDeploy\actions-runner'
[2023-02-24 10:44:20Z INFO CommandLineParser] Parse
[2023-02-24 10:44:20Z INFO CommandLineParser] Parsing 1 args
[2023-02-24 10:44:20Z INFO CommandLineParser] parsing argument
[2023-02-24 10:44:20Z INFO CommandLineParser] HasArgs: False
[2023-02-24 10:44:20Z INFO CommandLineParser] Adding Command: run
[2023-02-24 10:44:20Z INFO Listener] Arguments parsed
[2023-02-24 10:44:20Z INFO Runner] ExecuteCommand
[2023-02-24 10:44:20Z INFO ConfigurationStore] currentAssemblyLocation: H:\Jaydeep New\Web Api\DemoDeploy\actions-runner\bin\Runner.Listener.dll
[2023-02-24 10:44:20Z INFO HostContext] Well known directory 'Bin': 'H:\Jaydeep New\Web Api\DemoDeploy\actions-runner\bin'
[2023-02-24 10:44:20Z INFO ConfigurationStore] binPath: H:\Jaydeep New\Web Api\DemoDeploy\actions-runner\bin
[2023-02-24 10:44:20Z INFO HostContext] Well known directory 'Bin': 'H:\Jaydeep New\Web Api\DemoDeploy\actions-runner\bin'
[2023-02-24 10:44:20Z INFO HostContext] Well known directory 'Root': 'H:\Jaydeep New\Web Api\DemoDeploy\actions-runner'
[2023-02-24 10:44:20Z INFO ConfigurationStore] RootFolder: H:\Jaydeep New\Web Api\DemoDeploy\actions-runner
[2023-02-24 10:44:20Z INFO HostContext] Well known directory 'Bin': 'H:\Jaydeep New\Web Api\DemoDeploy\actions-runner\bin'
[2023-02-24 10:44:20Z INFO HostContext] Well known directory 'Root': 'H:\Jaydeep New\Web Api\DemoDeploy\actions-runner'
[2023-02-24 10:44:20Z INFO HostContext] Well known config file 'Runner': 'H:\Jaydeep New\Web Api\DemoDeploy\actions-runner\.runner'
[2023-02-24 10:44:20Z INFO ConfigurationStore] ConfigFilePath: H:\Jaydeep New\Web Api\DemoDeploy\actions-runner\.runner
[2023-02-24 10:44:20Z INFO HostContext] Well known directory 'Bin': 'H:\Jaydeep New\Web Api\DemoDeploy\actions-runner\bin'
[2023-02-24 10:44:20Z INFO HostContext] Well known directory 'Root': 'H:\Jaydeep New\Web Api\DemoDeploy\actions-runner'
[2023-02-24 10:44:20Z INFO HostContext] Well known config file 'Credentials': 'H:\Jaydeep New\Web Api\DemoDeploy\actions-runner\.credentials'
[2023-02-24 10:44:20Z INFO ConfigurationStore] CredFilePath: H:\Jaydeep New\Web Api\DemoDeploy\actions-runner\.credentials
[2023-02-24 10:44:20Z INFO HostContext] Well known directory 'Bin': 'H:\Jaydeep New\Web Api\DemoDeploy\actions-runner\bin'
[2023-02-24 10:44:20Z INFO HostContext] Well known directory 'Root': 'H:\Jaydeep New\Web Api\DemoDeploy\actions-runner'
[2023-02-24 10:44:20Z INFO HostContext] Well known config file 'MigratedCredentials': 'H:\Jaydeep New\Web Api\DemoDeploy\actions-runner\.credentials_migrated'
[2023-02-24 10:44:20Z INFO ConfigurationStore] MigratedCredFilePath: H:\Jaydeep New\Web Api\DemoDeploy\actions-runner\.credentials_migrated
[2023-02-24 10:44:20Z INFO HostContext] Well known directory 'Bin': 'H:\Jaydeep New\Web Api\DemoDeploy\actions-runner\bin'
[2023-02-24 10:44:20Z INFO HostContext] Well known directory 'Root': 'H:\Jaydeep New\Web Api\DemoDeploy\actions-runner'
[2023-02-24 10:44:20Z INFO HostContext] Well known config file 'Service': 'H:\Jaydeep New\Web Api\DemoDeploy\actions-runner\.service'
[2023-02-24 10:44:20Z INFO ConfigurationStore] ServiceConfigFilePath: H:\Jaydeep New\Web Api\DemoDeploy\actions-runner\.service
[2023-02-24 10:44:20Z INFO CommandSettings] Flag 'help': 'False'
[2023-02-24 10:44:20Z INFO CommandSettings] Flag 'version': 'False'
[2023-02-24 10:44:20Z INFO CommandSettings] Flag 'commit': 'False'
[2023-02-24 10:44:20Z INFO CommandSettings] Flag 'check': 'False'
[2023-02-24 10:44:20Z INFO CommandSettings] Command 'configure': 'False'
[2023-02-24 10:44:20Z INFO CommandSettings] Command 'remove': 'False'
[2023-02-24 10:44:20Z INFO CommandSettings] Command 'warmup': 'False'
[2023-02-24 10:44:20Z INFO ConfigurationManager] LoadSettings
[2023-02-24 10:44:20Z INFO ConfigurationStore] IsConfigured()
[2023-02-24 10:44:20Z INFO ConfigurationStore] IsConfigured: True
[2023-02-24 10:44:20Z INFO ConfigurationManager] Is configured: True
[2023-02-24 10:44:20Z INFO ConfigurationStore] Read setting file: 296 chars
[2023-02-24 10:44:20Z INFO ConfigurationManager] Settings Loaded
[2023-02-24 10:44:20Z INFO ConfigurationStore] IsServiceConfigured()
[2023-02-24 10:44:20Z INFO ConfigurationStore] IsServiceConfigured: False
[2023-02-24 10:44:20Z INFO CommandSettings] Command 'run': 'True'
[2023-02-24 10:44:20Z INFO ConfigurationStore] IsConfigured()
[2023-02-24 10:44:20Z INFO ConfigurationStore] IsConfigured: True
[2023-02-24 10:44:20Z INFO ConfigurationManager] Is configured: True
[2023-02-24 10:44:20Z INFO Runner] Could not parse the argument value '' for StartupType. Defaulting to Manual
[2023-02-24 10:44:20Z INFO Runner] Set runner startup type - Manual
[2023-02-24 10:44:20Z INFO CommandSettings] Flag 'once': 'False'
[2023-02-24 10:44:20Z INFO CommandSettings] Flag 'once': 'False'
[2023-02-24 10:44:20Z INFO Runner] RunAsync
[2023-02-24 10:44:20Z INFO ConfigurationManager] LoadSettings
[2023-02-24 10:44:20Z INFO ConfigurationStore] IsConfigured()
[2023-02-24 10:44:20Z INFO ConfigurationStore] IsConfigured: True
[2023-02-24 10:44:20Z INFO ConfigurationManager] Is configured: True
[2023-02-24 10:44:20Z INFO ConfigurationManager] Settings Loaded
[2023-02-24 10:44:20Z INFO MessageListener] {
  "AgentId": 2,
  "AgentName": "PAROKSYA",
  "PoolId": 1,
  "PoolName": "Default",
  "ServerUrl": "https://pipelines.actions.githubusercontent.com/NrKfQk3SLVzavsNzzvVeU1D9LklHix032qVh1TL70DvEPcU0kj",
  "GitHubUrl": "https://github.com/TeamParoksya/DemoDeploy",
  "WorkFolder": "_work"
}
[2023-02-24 10:44:20Z INFO MessageListener] Loading Credentials
[2023-02-24 10:44:20Z INFO ConfigurationStore] HasCredentials()
[2023-02-24 10:44:20Z INFO ConfigurationStore] stored True
[2023-02-24 10:44:20Z INFO CredentialManager] GetCredentialProvider
[2023-02-24 10:44:20Z INFO CredentialManager] Creating type OAuth
[2023-02-24 10:44:20Z INFO CredentialManager] Creating credential type: OAuth
[2023-02-24 10:44:20Z INFO HostContext] Well known directory 'Bin': 'H:\Jaydeep New\Web Api\DemoDeploy\actions-runner\bin'
[2023-02-24 10:44:20Z INFO HostContext] Well known directory 'Root': 'H:\Jaydeep New\Web Api\DemoDeploy\actions-runner'
[2023-02-24 10:44:20Z INFO HostContext] Well known config file 'RSACredentials': 'H:\Jaydeep New\Web Api\DemoDeploy\actions-runner\.credentials_rsaparams'
[2023-02-24 10:44:20Z INFO RSAEncryptedFileKeyManager] Loading RSA key parameters from file H:\Jaydeep New\Web Api\DemoDeploy\actions-runner\.credentials_rsaparams
[2023-02-24 10:44:20Z INFO MessageListener] Attempt to create session.
[2023-02-24 10:44:20Z INFO MessageListener] Connecting to the Runner Server...
[2023-02-24 10:44:20Z INFO RunnerServer] EstablishVssConnection
[2023-02-24 10:44:20Z INFO RunnerServer] Establish connection with 100 seconds timeout.
[2023-02-24 10:44:20Z INFO GitHubActionsService] Starting operation Location.GetConnectionData
[2023-02-24 10:44:20Z INFO RunnerServer] EstablishVssConnection
[2023-02-24 10:44:20Z INFO RunnerServer] Establish connection with 60 seconds timeout.
[2023-02-24 10:44:20Z INFO GitHubActionsService] Starting operation Location.GetConnectionData
[2023-02-24 10:44:20Z INFO RunnerServer] EstablishVssConnection
[2023-02-24 10:44:20Z INFO RunnerServer] Establish connection with 60 seconds timeout.
[2023-02-24 10:44:20Z INFO GitHubActionsService] Starting operation Location.GetConnectionData
[2023-02-24 10:44:20Z INFO GitHubActionsService] Finished operation Location.GetConnectionData
[2023-02-24 10:44:20Z INFO GitHubActionsService] Finished operation Location.GetConnectionData
[2023-02-24 10:44:21Z INFO GitHubActionsService] Finished operation Location.GetConnectionData
[2023-02-24 10:44:21Z INFO GitHubActionsService] Starting operation Location.GetConnectionData
[2023-02-24 10:44:21Z INFO GitHubActionsService] Finished operation Location.GetConnectionData
[2023-02-24 10:44:21Z INFO MessageListener] VssConnection created
[2023-02-24 10:44:21Z INFO Terminal] WRITE LINE: 
[2023-02-24 10:44:21Z INFO Terminal] WRITE LINE: 
[2023-02-24 10:44:21Z INFO RSAEncryptedFileKeyManager] Loading RSA key parameters from file H:\Jaydeep New\Web Api\DemoDeploy\actions-runner\.credentials_rsaparams
[2023-02-24 10:44:21Z INFO RSAEncryptedFileKeyManager] Loading RSA key parameters from file H:\Jaydeep New\Web Api\DemoDeploy\actions-runner\.credentials_rsaparams
[2023-02-24 10:44:22Z INFO GitHubActionsService] AAD Correlation ID for this token request: Unknown
[2023-02-24 10:44:22Z INFO MessageListener] Session created.
[2023-02-24 10:44:22Z INFO Terminal] WRITE LINE: Current runner version: '2.301.1'
[2023-02-24 10:44:22Z INFO Terminal] WRITE LINE: 2023-02-24 10:44:22Z: Listening for Jobs
[2023-02-24 10:44:22Z INFO JobDispatcher] Set runner/worker IPC timeout to 30 seconds.
[2023-02-24 11:14:32Z INFO MessageListener] No message retrieved from session '7c59a38b-d4d1-4a22-96f0-bbf042afe8cb' within last 30 minutes.
[2023-02-24 11:39:40Z INFO RSAEncryptedFileKeyManager] Loading RSA key parameters from file H:\Jaydeep New\Web Api\DemoDeploy\actions-runner\.credentials_rsaparams
[2023-02-24 11:39:40Z INFO GitHubActionsService] AAD Correlation ID for this token request: Unknown
[2023-02-24 11:44:42Z INFO MessageListener] No message retrieved from session '7c59a38b-d4d1-4a22-96f0-bbf042afe8cb' within last 30 minutes.
[2023-02-24 12:14:52Z INFO MessageListener] No message retrieved from session '7c59a38b-d4d1-4a22-96f0-bbf042afe8cb' within last 30 minutes.
[2023-02-24 12:34:59Z INFO RSAEncryptedFileKeyManager] Loading RSA key parameters from file H:\Jaydeep New\Web Api\DemoDeploy\actions-runner\.credentials_rsaparams
[2023-02-24 12:34:59Z INFO GitHubActionsService] AAD Correlation ID for this token request: Unknown
